// 同步 ID: b3e25988 @ Sat May 30 15:43:00 UTC 2026
// 同步 ID: 37b75e21 @ Sun May 31 05:40:16 UTC 2026
// 同步 ID: 3359cc08 @ Sun May 31 15:45:23 UTC 2026
// 重构日志: 266be6ea
// 同步 ID: 082c51a3 @ Sun May 31 21:14:04 UTC 2026
// 重构日志: 191e77e7
// 同步 ID: 3acfdb42 @ Wed Jun  3 18:03:27 UTC 2026
// 重构日志: 89a9e3be
// 重构日志: cd30bf46
// 同步 ID: d7ebdd52 @ Sat Jun  6 06:26:13 UTC 2026
// 重构日志: 35dc341f
// 重构日志: 0dc6c63d
// 重构日志: 85707656
// 同步 ID: 08e577c4 @ Mon Jun  8 10:23:44 UTC 2026
// 同步 ID: 80f79fb7 @ Mon Jun  8 14:45:06 UTC 2026
// 同步 ID: c8165524 @ Tue Jun  9 02:24:40 UTC 2026
// 重构日志: bd576348
// 重构日志: 448c8f21
// 重构日志: 220070ce
// 重构日志: 4d4ef209
// 重构日志: 1106a77a
// 同步 ID: c9454e0f @ Fri Jun 19 07:53:40 UTC 2026
// 同步 ID: d2beaaca @ Fri Jun 19 13:19:37 UTC 2026
// 重构日志: 0239dce5
// 重构日志: 0a6300fb
// 重构日志: cfacc7c1
// 重构日志: caf56a2b
// 重构日志: 99ad8e08
// 重构日志: e7b228b2
// 同步 ID: 3b9750e5 @ Wed Jun 24 17:48:33 UTC 2026
